<?xml version="1.0" encoding="UTF-8"?>
<!-- Generated by org.testng.reporters.JUnitReportReporter -->
<testsuite skipped="0" hostname="PRUSTY" name="sample1.CaptureErrorMessage" tests="1" failures="0" timestamp="02 Oct 2018 15:43:59 GMT" time="18.159" errors="0">
  <testcase name="runner" time="18.159" classname="sample1.CaptureErrorMessage"/>
</testsuite> <!-- sample1.CaptureErrorMessage -->
